<?xml version="1.0" encoding="UTF-8"?>
<!-- Generated by org.testng.reporters.JUnitReportReporter -->
<testsuite hostname="LAPTOP-ARRH8E98" failures="0" tests="3" name="org.firstrestassured.Mavenrestassured.Put_Patch_method" time="4.037" errors="0" timestamp="2022-04-02T23:54:20 IST" skipped="0">
  <testcase classname="org.firstrestassured.Mavenrestassured.Put_Patch_method" name="put" time="0.487"/>
  <system-out/>
  <testcase classname="org.firstrestassured.Mavenrestassured.Put_Patch_method" name="delete" time="2.838"/>
  <system-out/>
  <testcase classname="org.firstrestassured.Mavenrestassured.Put_Patch_method" name="patch" time="0.712"/>
  <system-out/>
</testsuite> <!-- org.firstrestassured.Mavenrestassured.Put_Patch_method -->
