<?xml version="1.0" encoding="UTF-8"?>
<!-- Generated by org.testng.reporters.JUnitReportReporter -->
<testsuite hostname="LAPTOP-ARRH8E98" failures="0" tests="1" name="org.firstrestassured.Mavenrestassured.Post_method" time="2.947" errors="0" timestamp="02 Apr 2022 12:49:06 GMT" skipped="0">
  <testcase classname="org.firstrestassured.Mavenrestassured.Post_method" name="post_data" time="2.947"/>
</testsuite> <!-- org.firstrestassured.Mavenrestassured.Post_method -->
