<?xml version="1.0" encoding="UTF-8"?>
<!-- Generated by org.testng.reporters.JUnitReportReporter -->
<testsuite hostname="LAPTOP-ARRH8E98" failures="0" tests="1" name="org.firstrestassured.Mavenrestassured.Get_method" time="3.661" errors="0" timestamp="02 Apr 2022 12:25:16 GMT" skipped="0">
  <testcase classname="org.firstrestassured.Mavenrestassured.Get_method" name="test_getdata" time="3.661"/>
</testsuite> <!-- org.firstrestassured.Mavenrestassured.Get_method -->
